{"/home/filipe/dev/ccca/src/application/useCase/order/PlaceOrder.ts": {"path":"/home/filipe/dev/ccca/src/application/useCase/order/PlaceOrder.ts","statementMap":{"0":{"start":{"line":1,"column":0},"end":{"line":1,"column":49}},"1":{"start":{"line":6,"column":0},"end":{"line":6,"column":54}},"2":{"start":{"line":10,"column":13},"end":{"line":10,"column":43}},"3":{"start":{"line":11,"column":13},"end":{"line":11,"column":45}},"4":{"start":{"line":12,"column":13},"end":{"line":12,"column":47}},"5":{"start":{"line":15,"column":18},"end":{"line":15,"column":50}},"6":{"start":{"line":16,"column":4},"end":{"line":20,"column":null}},"7":{"start":{"line":17,"column":19},"end":{"line":17,"column":71}},"8":{"start":{"line":18,"column":6},"end":{"line":18,"column":51}},"9":{"start":{"line":18,"column":17},"end":{"line":18,"column":51}},"10":{"start":{"line":19,"column":6},"end":{"line":19,"column":46}},"11":{"start":{"line":21,"column":4},"end":{"line":24,"column":null}},"12":{"start":{"line":22,"column":21},"end":{"line":22,"column":73}},"13":{"start":{"line":23,"column":6},"end":{"line":23,"column":42}},"14":{"start":{"line":23,"column":18},"end":{"line":23,"column":42}},"15":{"start":{"line":25,"column":4},"end":{"line":25,"column":43}},"16":{"start":{"line":26,"column":18},"end":{"line":26,"column":34}},"17":{"start":{"line":27,"column":20},"end":{"line":27,"column":38}},"18":{"start":{"line":28,"column":19},"end":{"line":28,"column":55}},"19":{"start":{"line":29,"column":4},"end":{"line":29,"column":18}},"20":{"start":{"line":8,"column":0},"end":{"line":8,"column":21}}},"fnMap":{"0":{"name":"(anonymous_0)","decl":{"start":{"line":9,"column":2},"end":{"line":9,"column":null}},"loc":{"start":{"line":12,"column":47},"end":{"line":13,"column":6}}},"1":{"name":"(anonymous_1)","decl":{"start":{"line":14,"column":2},"end":{"line":14,"column":7}},"loc":{"start":{"line":14,"column":38},"end":{"line":30,"column":3}}}},"branchMap":{"0":{"loc":{"start":{"line":18,"column":6},"end":{"line":18,"column":51}},"type":"if","locations":[{"start":{"line":18,"column":6},"end":{"line":18,"column":51}}]},"1":{"loc":{"start":{"line":21,"column":4},"end":{"line":24,"column":null}},"type":"if","locations":[{"start":{"line":21,"column":4},"end":{"line":24,"column":null}}]},"2":{"loc":{"start":{"line":23,"column":6},"end":{"line":23,"column":42}},"type":"if","locations":[{"start":{"line":23,"column":6},"end":{"line":23,"column":42}}]}},"s":{"0":1,"1":1,"2":3,"3":3,"4":3,"5":3,"6":3,"7":6,"8":6,"9":0,"10":6,"11":3,"12":1,"13":1,"14":1,"15":3,"16":3,"17":3,"18":3,"19":3,"20":1},"f":{"0":3,"1":3},"b":{"0":[0],"1":[1],"2":[1]}}
,"/home/filipe/dev/ccca/src/application/useCase/order/dto/PlaceOrderInput.ts": {"path":"/home/filipe/dev/ccca/src/application/useCase/order/dto/PlaceOrderInput.ts","statementMap":{"0":{"start":{"line":3,"column":13},"end":{"line":3,"column":24}},"1":{"start":{"line":4,"column":13},"end":{"line":4,"column":63}},"2":{"start":{"line":5,"column":13},"end":{"line":5,"column":23}},"3":{"start":{"line":6,"column":13},"end":{"line":6,"column":28}},"4":{"start":{"line":1,"column":0},"end":{"line":1,"column":21}}},"fnMap":{"0":{"name":"(anonymous_0)","decl":{"start":{"line":2,"column":2},"end":{"line":2,"column":null}},"loc":{"start":{"line":6,"column":28},"end":{"line":7,"column":6}}}},"branchMap":{},"s":{"0":0,"1":0,"2":0,"3":0,"4":0},"f":{"0":0},"b":{}}
,"/home/filipe/dev/ccca/src/application/useCase/order/dto/PlaceOrderOutput.ts": {"path":"/home/filipe/dev/ccca/src/application/useCase/order/dto/PlaceOrderOutput.ts","statementMap":{"0":{"start":{"line":2,"column":23},"end":{"line":2,"column":36}},"1":{"start":{"line":2,"column":47},"end":{"line":2,"column":63}},"2":{"start":{"line":1,"column":0},"end":{"line":1,"column":21}}},"fnMap":{"0":{"name":"(anonymous_0)","decl":{"start":{"line":2,"column":2},"end":{"line":2,"column":23}},"loc":{"start":{"line":2,"column":63},"end":{"line":2,"column":67}}}},"branchMap":{},"s":{"0":3,"1":3,"2":1},"f":{"0":3},"b":{}}
,"/home/filipe/dev/ccca/src/application/useCase/shipping/SimulateFreight.ts": {"path":"/home/filipe/dev/ccca/src/application/useCase/shipping/SimulateFreight.ts","statementMap":{"0":{"start":{"line":1,"column":0},"end":{"line":1,"column":67}},"1":{"start":{"line":4,"column":0},"end":{"line":4,"column":64}},"2":{"start":{"line":7,"column":23},"end":{"line":7,"column":53}},"3":{"start":{"line":10,"column":18},"end":{"line":10,"column":19}},"4":{"start":{"line":11,"column":4},"end":{"line":16,"column":null}},"5":{"start":{"line":12,"column":19},"end":{"line":12,"column":71}},"6":{"start":{"line":13,"column":6},"end":{"line":13,"column":51}},"7":{"start":{"line":13,"column":17},"end":{"line":13,"column":51}},"8":{"start":{"line":14,"column":26},"end":{"line":14,"column":46}},"9":{"start":{"line":15,"column":6},"end":{"line":15,"column":45}},"10":{"start":{"line":17,"column":4},"end":{"line":17,"column":46}},"11":{"start":{"line":6,"column":0},"end":{"line":6,"column":21}}},"fnMap":{"0":{"name":"(anonymous_0)","decl":{"start":{"line":7,"column":2},"end":{"line":7,"column":23}},"loc":{"start":{"line":7,"column":53},"end":{"line":7,"column":57}}},"1":{"name":"(anonymous_1)","decl":{"start":{"line":9,"column":2},"end":{"line":9,"column":7}},"loc":{"start":{"line":9,"column":43},"end":{"line":18,"column":3}}}},"branchMap":{"0":{"loc":{"start":{"line":13,"column":6},"end":{"line":13,"column":51}},"type":"if","locations":[{"start":{"line":13,"column":6},"end":{"line":13,"column":51}}]}},"s":{"0":1,"1":1,"2":2,"3":2,"4":2,"5":4,"6":4,"7":1,"8":3,"9":3,"10":1,"11":1},"f":{"0":2,"1":2},"b":{"0":[1]}}
,"/home/filipe/dev/ccca/src/application/useCase/shipping/dto/SimulateFreightInput.ts": {"path":"/home/filipe/dev/ccca/src/application/useCase/shipping/dto/SimulateFreightInput.ts","statementMap":{"0":{"start":{"line":4,"column":23},"end":{"line":4,"column":36}},"1":{"start":{"line":3,"column":0},"end":{"line":3,"column":21}}},"fnMap":{"0":{"name":"(anonymous_0)","decl":{"start":{"line":4,"column":2},"end":{"line":4,"column":23}},"loc":{"start":{"line":4,"column":36},"end":{"line":4,"column":40}}}},"branchMap":{},"s":{"0":2,"1":1},"f":{"0":2},"b":{}}
,"/home/filipe/dev/ccca/src/application/useCase/shipping/dto/SimulateFreightOutPut.ts": {"path":"/home/filipe/dev/ccca/src/application/useCase/shipping/dto/SimulateFreightOutPut.ts","statementMap":{"0":{"start":{"line":2,"column":23},"end":{"line":2,"column":37}},"1":{"start":{"line":1,"column":0},"end":{"line":1,"column":21}}},"fnMap":{"0":{"name":"(anonymous_0)","decl":{"start":{"line":2,"column":2},"end":{"line":2,"column":23}},"loc":{"start":{"line":2,"column":37},"end":{"line":2,"column":41}}}},"branchMap":{},"s":{"0":1,"1":1},"f":{"0":1},"b":{}}
,"/home/filipe/dev/ccca/src/domain/entity/coupon.ts": {"path":"/home/filipe/dev/ccca/src/domain/entity/coupon.ts","statementMap":{"0":{"start":{"line":3,"column":13},"end":{"line":3,"column":25}},"1":{"start":{"line":4,"column":13},"end":{"line":4,"column":29}},"2":{"start":{"line":5,"column":13},"end":{"line":5,"column":34}},"3":{"start":{"line":8,"column":4},"end":{"line":8,"column":43}},"4":{"start":{"line":8,"column":30},"end":{"line":8,"column":43}},"5":{"start":{"line":9,"column":4},"end":{"line":9,"column":59}},"6":{"start":{"line":1,"column":0},"end":{"line":1,"column":21}}},"fnMap":{"0":{"name":"(anonymous_0)","decl":{"start":{"line":2,"column":2},"end":{"line":2,"column":null}},"loc":{"start":{"line":5,"column":34},"end":{"line":6,"column":6}}},"1":{"name":"(anonymous_1)","decl":{"start":{"line":7,"column":2},"end":{"line":7,"column":11}},"loc":{"start":{"line":7,"column":36},"end":{"line":10,"column":3}}}},"branchMap":{"0":{"loc":{"start":{"line":7,"column":12},"end":{"line":7,"column":36}},"type":"default-arg","locations":[{"start":{"line":7,"column":26},"end":{"line":7,"column":36}}]},"1":{"loc":{"start":{"line":8,"column":4},"end":{"line":8,"column":43}},"type":"if","locations":[{"start":{"line":8,"column":4},"end":{"line":8,"column":43}}]}},"s":{"0":6,"1":6,"2":6,"3":4,"4":1,"5":3,"6":3},"f":{"0":6,"1":4},"b":{"0":[0],"1":[1]}}
,"/home/filipe/dev/ccca/src/domain/entity/defaultFreight.ts": {"path":"/home/filipe/dev/ccca/src/domain/entity/defaultFreight.ts","statementMap":{"0":{"start":{"line":6,"column":4},"end":{"line":6,"column":78}},"1":{"start":{"line":6,"column":69},"end":{"line":6,"column":78}},"2":{"start":{"line":7,"column":21},"end":{"line":7,"column":25}},"3":{"start":{"line":8,"column":20},"end":{"line":8,"column":75}},"4":{"start":{"line":9,"column":23},"end":{"line":9,"column":25}},"5":{"start":{"line":10,"column":4},"end":{"line":10,"column":41}},"6":{"start":{"line":4,"column":0},"end":{"line":4,"column":21}}},"fnMap":{"0":{"name":"(anonymous_0)","decl":{"start":{"line":5,"column":2},"end":{"line":5,"column":11}},"loc":{"start":{"line":5,"column":22},"end":{"line":11,"column":3}}}},"branchMap":{"0":{"loc":{"start":{"line":6,"column":4},"end":{"line":6,"column":78}},"type":"if","locations":[{"start":{"line":6,"column":4},"end":{"line":6,"column":78}}]},"1":{"loc":{"start":{"line":6,"column":8},"end":{"line":6,"column":67}},"type":"binary-expr","locations":[{"start":{"line":6,"column":8},"end":{"line":6,"column":20}},{"start":{"line":6,"column":24},"end":{"line":6,"column":35}},{"start":{"line":6,"column":39},"end":{"line":6,"column":51}},{"start":{"line":6,"column":55},"end":{"line":6,"column":67}}]}},"s":{"0":20,"1":10,"2":10,"3":10,"4":10,"5":10,"6":3},"f":{"0":20},"b":{"0":[10],"1":[20,10,10,10]}}
,"/home/filipe/dev/ccca/src/domain/entity/item.ts": {"path":"/home/filipe/dev/ccca/src/domain/entity/item.ts","statementMap":{"0":{"start":{"line":2,"column":25},"end":{"line":2,"column":39}},"1":{"start":{"line":2,"column":50},"end":{"line":2,"column":66}},"2":{"start":{"line":2,"column":77},"end":{"line":2,"column":96}},"3":{"start":{"line":2,"column":107},"end":{"line":2,"column":120}},"4":{"start":{"line":2,"column":131},"end":{"line":2,"column":147}},"5":{"start":{"line":2,"column":159},"end":{"line":2,"column":176}},"6":{"start":{"line":2,"column":188},"end":{"line":2,"column":205}},"7":{"start":{"line":2,"column":217},"end":{"line":2,"column":234}},"8":{"start":{"line":5,"column":2},"end":{"line":5,"column":60}},"9":{"start":{"line":9,"column":2},"end":{"line":9,"column":50}},"10":{"start":{"line":1,"column":0},"end":{"line":1,"column":21}}},"fnMap":{"0":{"name":"(anonymous_0)","decl":{"start":{"line":2,"column":4},"end":{"line":2,"column":25}},"loc":{"start":{"line":2,"column":235},"end":{"line":2,"column":238}}},"1":{"name":"(anonymous_1)","decl":{"start":{"line":4,"column":4},"end":{"line":4,"column":13}},"loc":{"start":{"line":4,"column":13},"end":{"line":6,"column":2}}},"2":{"name":"(anonymous_2)","decl":{"start":{"line":8,"column":1},"end":{"line":8,"column":11}},"loc":{"start":{"line":8,"column":11},"end":{"line":10,"column":2}}}},"branchMap":{"0":{"loc":{"start":{"line":2,"column":131},"end":{"line":2,"column":148}},"type":"default-arg","locations":[{"start":{"line":2,"column":147},"end":{"line":2,"column":148}}]},"1":{"loc":{"start":{"line":2,"column":159},"end":{"line":2,"column":177}},"type":"default-arg","locations":[{"start":{"line":2,"column":176},"end":{"line":2,"column":177}}]},"2":{"loc":{"start":{"line":2,"column":188},"end":{"line":2,"column":206}},"type":"default-arg","locations":[{"start":{"line":2,"column":205},"end":{"line":2,"column":206}}]},"3":{"loc":{"start":{"line":2,"column":217},"end":{"line":2,"column":235}},"type":"default-arg","locations":[{"start":{"line":2,"column":234},"end":{"line":2,"column":235}}]}},"s":{"0":43,"1":43,"2":43,"3":43,"4":43,"5":43,"6":43,"7":43,"8":22,"9":11,"10":4},"f":{"0":43,"1":22,"2":11},"b":{"0":[15],"1":[15],"2":[15],"3":[20]}}
,"/home/filipe/dev/ccca/src/domain/entity/order.ts": {"path":"/home/filipe/dev/ccca/src/domain/entity/order.ts","statementMap":{"0":{"start":{"line":1,"column":0},"end":{"line":1,"column":42}},"1":{"start":{"line":3,"column":0},"end":{"line":3,"column":46}},"2":{"start":{"line":6,"column":0},"end":{"line":6,"column":36}},"3":{"start":{"line":7,"column":0},"end":{"line":7,"column":36}},"4":{"start":{"line":18,"column":13},"end":{"line":18,"column":28}},"5":{"start":{"line":19,"column":13},"end":{"line":19,"column":41}},"6":{"start":{"line":20,"column":13},"end":{"line":20,"column":32}},"7":{"start":{"line":22,"column":4},"end":{"line":22,"column":28}},"8":{"start":{"line":23,"column":4},"end":{"line":23,"column":25}},"9":{"start":{"line":24,"column":4},"end":{"line":24,"column":21}},"10":{"start":{"line":25,"column":4},"end":{"line":25,"column":40}},"11":{"start":{"line":29,"column":4},"end":{"line":29,"column":58}},"12":{"start":{"line":30,"column":4},"end":{"line":30,"column":62}},"13":{"start":{"line":34,"column":4},"end":{"line":34,"column":36}},"14":{"start":{"line":38,"column":4},"end":{"line":38,"column":49}},"15":{"start":{"line":38,"column":42},"end":{"line":38,"column":49}},"16":{"start":{"line":39,"column":4},"end":{"line":39,"column":25}},"17":{"start":{"line":43,"column":4},"end":{"line":43,"column":34}},"18":{"start":{"line":46,"column":16},"end":{"line":46,"column":17}},"19":{"start":{"line":47,"column":4},"end":{"line":53,"column":7}},"20":{"start":{"line":48,"column":6},"end":{"line":52,"column":null}},"21":{"start":{"line":49,"column":8},"end":{"line":49,"column":72}},"22":{"start":{"line":51,"column":8},"end":{"line":51,"column":28}},"23":{"start":{"line":54,"column":4},"end":{"line":54,"column":17}},"24":{"start":{"line":9,"column":0},"end":{"line":9,"column":21}}},"fnMap":{"0":{"name":"(anonymous_0)","decl":{"start":{"line":16,"column":2},"end":{"line":16,"column":null}},"loc":{"start":{"line":20,"column":33},"end":{"line":26,"column":3}}},"1":{"name":"(anonymous_1)","decl":{"start":{"line":28,"column":2},"end":{"line":28,"column":9}},"loc":{"start":{"line":28,"column":38},"end":{"line":31,"column":3}}},"2":{"name":"(anonymous_2)","decl":{"start":{"line":33,"column":2},"end":{"line":33,"column":12}},"loc":{"start":{"line":33,"column":12},"end":{"line":35,"column":3}}},"3":{"name":"(anonymous_3)","decl":{"start":{"line":37,"column":2},"end":{"line":37,"column":11}},"loc":{"start":{"line":37,"column":26},"end":{"line":40,"column":3}}},"4":{"name":"(anonymous_4)","decl":{"start":{"line":42,"column":2},"end":{"line":42,"column":12}},"loc":{"start":{"line":42,"column":12},"end":{"line":44,"column":3}}},"5":{"name":"(anonymous_5)","decl":{"start":{"line":45,"column":2},"end":{"line":45,"column":10}},"loc":{"start":{"line":45,"column":10},"end":{"line":55,"column":3}}},"6":{"name":"(anonymous_6)","decl":{"start":{"line":47,"column":24},"end":{"line":47,"column":25}},"loc":{"start":{"line":47,"column":33},"end":{"line":53,"column":5}}}},"branchMap":{"0":{"loc":{"start":{"line":19,"column":13},"end":{"line":19,"column":61}},"type":"default-arg","locations":[{"start":{"line":19,"column":41},"end":{"line":19,"column":61}}]},"1":{"loc":{"start":{"line":20,"column":13},"end":{"line":20,"column":33}},"type":"default-arg","locations":[{"start":{"line":20,"column":32},"end":{"line":20,"column":33}}]},"2":{"loc":{"start":{"line":38,"column":4},"end":{"line":38,"column":49}},"type":"if","locations":[{"start":{"line":38,"column":4},"end":{"line":38,"column":49}}]},"3":{"loc":{"start":{"line":48,"column":6},"end":{"line":52,"column":null}},"type":"if","locations":[{"start":{"line":48,"column":6},"end":{"line":52,"column":null}},{"start":{"line":50,"column":13},"end":{"line":52,"column":null}}]}},"s":{"0":2,"1":2,"2":2,"3":2,"4":9,"5":9,"6":9,"7":9,"8":8,"9":8,"10":8,"11":17,"12":17,"13":4,"14":2,"15":0,"16":2,"17":1,"18":5,"19":5,"20":8,"21":3,"22":5,"23":5,"24":2},"f":{"0":9,"1":17,"2":4,"3":2,"4":1,"5":5,"6":8},"b":{"0":[9],"1":[9],"2":[0],"3":[3,5]}}
,"/home/filipe/dev/ccca/src/domain/entity/orderCode.ts": {"path":"/home/filipe/dev/ccca/src/domain/entity/orderCode.ts","statementMap":{"0":{"start":{"line":3,"column":22},"end":{"line":3,"column":38}},"1":{"start":{"line":4,"column":4},"end":{"line":4,"column":54}},"2":{"start":{"line":8,"column":17},"end":{"line":8,"column":41}},"3":{"start":{"line":9,"column":26},"end":{"line":9,"column":56}},"4":{"start":{"line":10,"column":4},"end":{"line":10,"column":37}},"5":{"start":{"line":1,"column":0},"end":{"line":1,"column":21}}},"fnMap":{"0":{"name":"(anonymous_0)","decl":{"start":{"line":3,"column":2},"end":{"line":3,"column":22}},"loc":{"start":{"line":3,"column":38},"end":{"line":5,"column":3}}},"1":{"name":"(anonymous_1)","decl":{"start":{"line":7,"column":10},"end":{"line":7,"column":22}},"loc":{"start":{"line":7,"column":39},"end":{"line":11,"column":3}}}},"branchMap":{},"s":{"0":8,"1":8,"2":8,"3":8,"4":8,"5":2},"f":{"0":8,"1":8},"b":{}}
,"/home/filipe/dev/ccca/src/domain/entity/orderItem.ts": {"path":"/home/filipe/dev/ccca/src/domain/entity/orderItem.ts","statementMap":{"0":{"start":{"line":2,"column":25},"end":{"line":2,"column":37}},"1":{"start":{"line":2,"column":48},"end":{"line":2,"column":63}},"2":{"start":{"line":5,"column":8},"end":{"line":5,"column":null}},"3":{"start":{"line":1,"column":0},"end":{"line":1,"column":21}}},"fnMap":{"0":{"name":"(anonymous_0)","decl":{"start":{"line":2,"column":4},"end":{"line":2,"column":25}},"loc":{"start":{"line":2,"column":63},"end":{"line":2,"column":66}}},"1":{"name":"(anonymous_1)","decl":{"start":{"line":4,"column":4},"end":{"line":4,"column":12}},"loc":{"start":{"line":4,"column":12},"end":{"line":6,"column":5}}}},"branchMap":{},"s":{"0":18,"1":18,"2":1,"3":3},"f":{"0":18,"1":1},"b":{}}
,"/home/filipe/dev/ccca/src/infra/validatecpf.ts": {"path":"/home/filipe/dev/ccca/src/infra/validatecpf.ts","statementMap":{"0":{"start":{"line":2,"column":10},"end":{"line":2,"column":32}},"1":{"start":{"line":3,"column":10},"end":{"line":3,"column":36}},"2":{"start":{"line":4,"column":10},"end":{"line":4,"column":37}},"3":{"start":{"line":8,"column":4},"end":{"line":8,"column":62}},"4":{"start":{"line":8,"column":31},"end":{"line":8,"column":62}},"5":{"start":{"line":9,"column":4},"end":{"line":9,"column":23}},"6":{"start":{"line":13,"column":4},"end":{"line":13,"column":27}},"7":{"start":{"line":13,"column":14},"end":{"line":13,"column":27}},"8":{"start":{"line":14,"column":19},"end":{"line":14,"column":37}},"9":{"start":{"line":15,"column":4},"end":{"line":15,"column":62}},"10":{"start":{"line":15,"column":49},"end":{"line":15,"column":62}},"11":{"start":{"line":16,"column":4},"end":{"line":16,"column":53}},"12":{"start":{"line":16,"column":40},"end":{"line":16,"column":53}},"13":{"start":{"line":17,"column":34},"end":{"line":19,"column":null}},"14":{"start":{"line":21,"column":35},"end":{"line":23,"column":null}},"15":{"start":{"line":26,"column":26},"end":{"line":26,"column":59}},"16":{"start":{"line":27,"column":30},"end":{"line":27,"column":81}},"17":{"start":{"line":28,"column":4},"end":{"line":28,"column":46}},"18":{"start":{"line":31,"column":4},"end":{"line":31,"column":58}},"19":{"start":{"line":31,"column":41},"end":{"line":31,"column":56}},"20":{"start":{"line":34,"column":16},"end":{"line":34,"column":17}},"21":{"start":{"line":36,"column":4},"end":{"line":39,"column":null}},"22":{"start":{"line":36,"column":22},"end":{"line":36,"column":23}},"23":{"start":{"line":37,"column":23},"end":{"line":37,"column":69}},"24":{"start":{"line":38,"column":6},"end":{"line":38,"column":42}},"25":{"start":{"line":40,"column":17},"end":{"line":40,"column":27}},"26":{"start":{"line":42,"column":4},"end":{"line":42,"column":36}},"27":{"start":{"line":45,"column":4},"end":{"line":49,"column":24}},"28":{"start":{"line":52,"column":4},"end":{"line":52,"column":27}},"29":{"start":{"line":1,"column":0},"end":{"line":1,"column":21}}},"fnMap":{"0":{"name":"(anonymous_0)","decl":{"start":{"line":7,"column":2},"end":{"line":7,"column":14}},"loc":{"start":{"line":7,"column":27},"end":{"line":10,"column":3}}},"1":{"name":"(anonymous_1)","decl":{"start":{"line":12,"column":2},"end":{"line":12,"column":10}},"loc":{"start":{"line":12,"column":22},"end":{"line":29,"column":3}}},"2":{"name":"(anonymous_2)","decl":{"start":{"line":30,"column":2},"end":{"line":30,"column":19}},"loc":{"start":{"line":30,"column":34},"end":{"line":32,"column":3}}},"3":{"name":"(anonymous_3)","decl":{"start":{"line":31,"column":34},"end":{"line":31,"column":35}},"loc":{"start":{"line":31,"column":41},"end":{"line":31,"column":56}}},"4":{"name":"(anonymous_4)","decl":{"start":{"line":33,"column":2},"end":{"line":33,"column":16}},"loc":{"start":{"line":33,"column":54},"end":{"line":43,"column":3}}},"5":{"name":"(anonymous_5)","decl":{"start":{"line":44,"column":2},"end":{"line":44,"column":10}},"loc":{"start":{"line":44,"column":22},"end":{"line":50,"column":3}}},"6":{"name":"(anonymous_6)","decl":{"start":{"line":51,"column":2},"end":{"line":51,"column":22}},"loc":{"start":{"line":51,"column":37},"end":{"line":53,"column":3}}}},"branchMap":{"0":{"loc":{"start":{"line":8,"column":4},"end":{"line":8,"column":62}},"type":"if","locations":[{"start":{"line":8,"column":4},"end":{"line":8,"column":62}}]},"1":{"loc":{"start":{"line":13,"column":4},"end":{"line":13,"column":27}},"type":"if","locations":[{"start":{"line":13,"column":4},"end":{"line":13,"column":27}}]},"2":{"loc":{"start":{"line":15,"column":4},"end":{"line":15,"column":62}},"type":"if","locations":[{"start":{"line":15,"column":4},"end":{"line":15,"column":62}}]},"3":{"loc":{"start":{"line":16,"column":4},"end":{"line":16,"column":53}},"type":"if","locations":[{"start":{"line":16,"column":4},"end":{"line":16,"column":53}}]},"4":{"loc":{"start":{"line":42,"column":11},"end":{"line":42,"column":35}},"type":"cond-expr","locations":[{"start":{"line":42,"column":22},"end":{"line":42,"column":23}},{"start":{"line":42,"column":26},"end":{"line":42,"column":35}}]}},"s":{"0":11,"1":11,"2":11,"3":11,"4":2,"5":9,"6":11,"7":0,"8":11,"9":11,"10":0,"11":11,"12":2,"13":9,"14":9,"15":9,"16":9,"17":9,"18":11,"19":40,"20":18,"21":18,"22":18,"23":171,"24":171,"25":18,"26":18,"27":11,"28":9,"29":3},"f":{"0":11,"1":11,"2":11,"3":40,"4":18,"5":11,"6":9},"b":{"0":[2],"1":[0],"2":[0],"3":[2],"4":[0,18]}}
,"/home/filipe/dev/ccca/src/infra/database/ConnectionMysql.ts": {"path":"/home/filipe/dev/ccca/src/infra/database/ConnectionMysql.ts","statementMap":{"0":{"start":{"line":1,"column":0},"end":{"line":1,"column":49}},"1":{"start":{"line":3,"column":0},"end":{"line":3,"column":44}},"2":{"start":{"line":9,"column":4},"end":{"line":17,"column":7}},"3":{"start":{"line":18,"column":4},"end":{"line":18,"column":38}},"4":{"start":{"line":21,"column":4},"end":{"line":27,"column":null}},"5":{"start":{"line":22,"column":6},"end":{"line":22,"column":38}},"6":{"start":{"line":23,"column":6},"end":{"line":23,"column":38}},"7":{"start":{"line":25,"column":6},"end":{"line":25,"column":27}},"8":{"start":{"line":26,"column":6},"end":{"line":26,"column":59}},"9":{"start":{"line":5,"column":0},"end":{"line":5,"column":21}}},"fnMap":{"0":{"name":"(anonymous_0)","decl":{"start":{"line":8,"column":2},"end":{"line":8,"column":null}},"loc":{"start":{"line":8,"column":2},"end":{"line":19,"column":3}}},"1":{"name":"(anonymous_1)","decl":{"start":{"line":20,"column":9},"end":{"line":20,"column":14}},"loc":{"start":{"line":20,"column":26},"end":{"line":28,"column":3}}}},"branchMap":{"0":{"loc":{"start":{"line":14,"column":12},"end":{"line":14,"column":41}},"type":"binary-expr","locations":[{"start":{"line":14,"column":12},"end":{"line":14,"column":33}},{"start":{"line":14,"column":37},"end":{"line":14,"column":41}}]}},"s":{"0":2,"1":2,"2":3,"3":3,"4":1,"5":1,"6":1,"7":0,"8":0,"9":2},"f":{"0":3,"1":1},"b":{"0":[3,3]}}
,"/home/filipe/dev/ccca/src/infra/database/models/Item.model.ts": {"path":"/home/filipe/dev/ccca/src/infra/database/models/Item.model.ts","statementMap":{"0":{"start":{"line":1,"column":0},"end":{"line":1,"column":60}},"1":{"start":{"line":21,"column":0},"end":{"line":48,"column":null}},"2":{"start":{"line":26,"column":2},"end":{"line":26,"column":null}},"3":{"start":{"line":29,"column":2},"end":{"line":29,"column":null}},"4":{"start":{"line":32,"column":2},"end":{"line":32,"column":null}},"5":{"start":{"line":35,"column":2},"end":{"line":35,"column":null}},"6":{"start":{"line":38,"column":2},"end":{"line":38,"column":null}},"7":{"start":{"line":41,"column":2},"end":{"line":41,"column":null}},"8":{"start":{"line":44,"column":2},"end":{"line":44,"column":null}},"9":{"start":{"line":47,"column":2},"end":{"line":47,"column":null}},"10":{"start":{"line":21,"column":21},"end":{"line":48,"column":null}},"11":{"start":{"line":21,"column":21},"end":{"line":21,"column":31}}},"fnMap":{},"branchMap":{},"s":{"0":2,"1":2,"2":2,"3":2,"4":2,"5":2,"6":2,"7":2,"8":2,"9":2,"10":2,"11":2},"f":{},"b":{}}
,"/home/filipe/dev/ccca/src/infra/repository/database/itemRepositoryDatabase.ts": {"path":"/home/filipe/dev/ccca/src/infra/repository/database/itemRepositoryDatabase.ts","statementMap":{"0":{"start":{"line":1,"column":0},"end":{"line":1,"column":47}},"1":{"start":{"line":3,"column":0},"end":{"line":3,"column":68}},"2":{"start":{"line":4,"column":0},"end":{"line":4,"column":57}},"3":{"start":{"line":6,"column":0},"end":{"line":6,"column":13}},"4":{"start":{"line":10,"column":13},"end":{"line":10,"column":47}},"5":{"start":{"line":11,"column":13},"end":{"line":11,"column":47}},"6":{"start":{"line":13,"column":4},"end":{"line":13,"column":51}},"7":{"start":{"line":14,"column":4},"end":{"line":14,"column":31}},"8":{"start":{"line":17,"column":21},"end":{"line":17,"column":58}},"9":{"start":{"line":18,"column":4},"end":{"line":18,"column":26}},"10":{"start":{"line":18,"column":19},"end":{"line":18,"column":26}},"11":{"start":{"line":19,"column":4},"end":{"line":28,"column":6}},"12":{"start":{"line":8,"column":0},"end":{"line":8,"column":21}}},"fnMap":{"0":{"name":"(anonymous_0)","decl":{"start":{"line":9,"column":2},"end":{"line":9,"column":null}},"loc":{"start":{"line":11,"column":47},"end":{"line":15,"column":3}}},"1":{"name":"(anonymous_1)","decl":{"start":{"line":16,"column":2},"end":{"line":16,"column":7}},"loc":{"start":{"line":16,"column":31},"end":{"line":29,"column":3}}}},"branchMap":{"0":{"loc":{"start":{"line":10,"column":13},"end":{"line":10,"column":56}},"type":"default-arg","locations":[{"start":{"line":10,"column":47},"end":{"line":10,"column":56}}]},"1":{"loc":{"start":{"line":18,"column":4},"end":{"line":18,"column":26}},"type":"if","locations":[{"start":{"line":18,"column":4},"end":{"line":18,"column":26}}]}},"s":{"0":1,"1":1,"2":1,"3":1,"4":1,"5":1,"6":1,"7":1,"8":2,"9":2,"10":0,"11":2,"12":1},"f":{"0":1,"1":2},"b":{"0":[0],"1":[0]}}
,"/home/filipe/dev/ccca/src/infra/repository/memory/CouponRepositoryMemory.ts": {"path":"/home/filipe/dev/ccca/src/infra/repository/memory/CouponRepositoryMemory.ts","statementMap":{"0":{"start":{"line":1,"column":0},"end":{"line":1,"column":51}},"1":{"start":{"line":7,"column":4},"end":{"line":7,"column":45}},"2":{"start":{"line":10,"column":4},"end":{"line":10,"column":79}},"3":{"start":{"line":10,"column":56},"end":{"line":10,"column":76}},"4":{"start":{"line":4,"column":0},"end":{"line":4,"column":21}}},"fnMap":{"0":{"name":"(anonymous_0)","decl":{"start":{"line":6,"column":2},"end":{"line":6,"column":null}},"loc":{"start":{"line":6,"column":2},"end":{"line":8,"column":3}}},"1":{"name":"(anonymous_1)","decl":{"start":{"line":9,"column":2},"end":{"line":9,"column":12}},"loc":{"start":{"line":9,"column":25},"end":{"line":11,"column":3}}},"2":{"name":"(anonymous_2)","decl":{"start":{"line":10,"column":44},"end":{"line":10,"column":45}},"loc":{"start":{"line":10,"column":56},"end":{"line":10,"column":76}}}},"branchMap":{},"s":{"0":1,"1":3,"2":1,"3":1,"4":1},"f":{"0":3,"1":1,"2":1},"b":{}}
,"/home/filipe/dev/ccca/src/infra/repository/memory/ItemRepositoryMemory.ts": {"path":"/home/filipe/dev/ccca/src/infra/repository/memory/ItemRepositoryMemory.ts","statementMap":{"0":{"start":{"line":1,"column":0},"end":{"line":1,"column":47}},"1":{"start":{"line":7,"column":4},"end":{"line":23,"column":6}},"2":{"start":{"line":26,"column":4},"end":{"line":26,"column":78}},"3":{"start":{"line":26,"column":53},"end":{"line":26,"column":75}},"4":{"start":{"line":4,"column":0},"end":{"line":4,"column":21}}},"fnMap":{"0":{"name":"(anonymous_0)","decl":{"start":{"line":6,"column":2},"end":{"line":6,"column":null}},"loc":{"start":{"line":6,"column":2},"end":{"line":24,"column":3}}},"1":{"name":"(anonymous_1)","decl":{"start":{"line":25,"column":2},"end":{"line":25,"column":10}},"loc":{"start":{"line":25,"column":25},"end":{"line":27,"column":3}}},"2":{"name":"(anonymous_2)","decl":{"start":{"line":26,"column":43},"end":{"line":26,"column":44}},"loc":{"start":{"line":26,"column":53},"end":{"line":26,"column":75}}}},"branchMap":{},"s":{"0":2,"1":4,"2":8,"3":21,"4":2},"f":{"0":4,"1":8,"2":21},"b":{}}
,"/home/filipe/dev/ccca/src/infra/repository/memory/OrderRepositoryMemory.ts": {"path":"/home/filipe/dev/ccca/src/infra/repository/memory/OrderRepositoryMemory.ts","statementMap":{"0":{"start":{"line":8,"column":4},"end":{"line":8,"column":20}},"1":{"start":{"line":11,"column":4},"end":{"line":11,"column":27}},"2":{"start":{"line":12,"column":4},"end":{"line":12,"column":29}},"3":{"start":{"line":5,"column":0},"end":{"line":5,"column":21}}},"fnMap":{"0":{"name":"(anonymous_0)","decl":{"start":{"line":7,"column":2},"end":{"line":7,"column":null}},"loc":{"start":{"line":7,"column":2},"end":{"line":9,"column":3}}},"1":{"name":"(anonymous_1)","decl":{"start":{"line":10,"column":2},"end":{"line":10,"column":6}},"loc":{"start":{"line":10,"column":19},"end":{"line":13,"column":3}}}},"branchMap":{},"s":{"0":3,"1":3,"2":3,"3":1},"f":{"0":3,"1":3},"b":{}}
}
