TN:
SF:src/application/useCase/order/PlaceOrder.ts
FN:9,(anonymous_0)
FN:14,(anonymous_1)
FNF:2
FNH:2
FNDA:3,(anonymous_0)
FNDA:3,(anonymous_1)
DA:1,1
DA:6,1
DA:8,1
DA:10,3
DA:11,3
DA:12,3
DA:15,3
DA:16,3
DA:17,6
DA:18,6
DA:19,6
DA:21,3
DA:22,1
DA:23,1
DA:25,3
DA:26,3
DA:27,3
DA:28,3
DA:29,3
LF:19
LH:19
BRDA:18,0,0,0
BRDA:21,1,0,1
BRDA:23,2,0,1
BRF:3
BRH:2
end_of_record
TN:
SF:src/application/useCase/order/dto/PlaceOrderInput.ts
FN:2,(anonymous_0)
FNF:1
FNH:0
FNDA:0,(anonymous_0)
DA:1,0
DA:3,0
DA:4,0
DA:5,0
DA:6,0
LF:5
LH:0
BRF:0
BRH:0
end_of_record
TN:
SF:src/application/useCase/order/dto/PlaceOrderOutput.ts
FN:2,(anonymous_0)
FNF:1
FNH:1
FNDA:3,(anonymous_0)
DA:1,1
DA:2,3
LF:2
LH:2
BRF:0
BRH:0
end_of_record
TN:
SF:src/application/useCase/shipping/SimulateFreight.ts
FN:7,(anonymous_0)
FN:9,(anonymous_1)
FNF:2
FNH:2
FNDA:2,(anonymous_0)
FNDA:2,(anonymous_1)
DA:1,1
DA:4,1
DA:6,1
DA:7,2
DA:10,2
DA:11,2
DA:12,4
DA:13,4
DA:14,3
DA:15,3
DA:17,1
LF:11
LH:11
BRDA:13,0,0,1
BRF:1
BRH:1
end_of_record
TN:
SF:src/application/useCase/shipping/dto/SimulateFreightInput.ts
FN:4,(anonymous_0)
FNF:1
FNH:1
FNDA:2,(anonymous_0)
DA:3,1
DA:4,2
LF:2
LH:2
BRF:0
BRH:0
end_of_record
TN:
SF:src/application/useCase/shipping/dto/SimulateFreightOutPut.ts
FN:2,(anonymous_0)
FNF:1
FNH:1
FNDA:1,(anonymous_0)
DA:1,1
DA:2,1
LF:2
LH:2
BRF:0
BRH:0
end_of_record
TN:
SF:src/domain/entity/coupon.ts
FN:2,(anonymous_0)
FN:7,(anonymous_1)
FNF:2
FNH:2
FNDA:6,(anonymous_0)
FNDA:4,(anonymous_1)
DA:1,3
DA:3,6
DA:4,6
DA:5,6
DA:8,4
DA:9,3
LF:6
LH:6
BRDA:7,0,0,0
BRDA:8,1,0,1
BRF:2
BRH:1
end_of_record
TN:
SF:src/domain/entity/defaultFreight.ts
FN:5,(anonymous_0)
FNF:1
FNH:1
FNDA:20,(anonymous_0)
DA:4,3
DA:6,20
DA:7,10
DA:8,10
DA:9,10
DA:10,10
LF:6
LH:6
BRDA:6,0,0,10
BRDA:6,1,0,20
BRDA:6,1,1,10
BRDA:6,1,2,10
BRDA:6,1,3,10
BRF:5
BRH:5
end_of_record
TN:
SF:src/domain/entity/item.ts
FN:2,(anonymous_0)
FN:4,(anonymous_1)
FN:8,(anonymous_2)
FNF:3
FNH:3
FNDA:43,(anonymous_0)
FNDA:22,(anonymous_1)
FNDA:11,(anonymous_2)
DA:1,4
DA:2,43
DA:5,22
DA:9,11
LF:4
LH:4
BRDA:2,0,0,15
BRDA:2,1,0,15
BRDA:2,2,0,15
BRDA:2,3,0,20
BRF:4
BRH:4
end_of_record
TN:
SF:src/domain/entity/order.ts
FN:16,(anonymous_0)
FN:28,(anonymous_1)
FN:33,(anonymous_2)
FN:37,(anonymous_3)
FN:42,(anonymous_4)
FN:45,(anonymous_5)
FN:47,(anonymous_6)
FNF:7
FNH:7
FNDA:9,(anonymous_0)
FNDA:17,(anonymous_1)
FNDA:4,(anonymous_2)
FNDA:2,(anonymous_3)
FNDA:1,(anonymous_4)
FNDA:5,(anonymous_5)
FNDA:8,(anonymous_6)
DA:1,2
DA:3,2
DA:6,2
DA:7,2
DA:9,2
DA:18,9
DA:19,9
DA:20,9
DA:22,9
DA:23,8
DA:24,8
DA:25,8
DA:29,17
DA:30,17
DA:34,4
DA:38,2
DA:39,2
DA:43,1
DA:46,5
DA:47,5
DA:48,8
DA:49,3
DA:51,5
DA:54,5
LF:24
LH:24
BRDA:19,0,0,9
BRDA:20,1,0,9
BRDA:38,2,0,0
BRDA:48,3,0,3
BRDA:48,3,1,5
BRF:5
BRH:4
end_of_record
TN:
SF:src/domain/entity/orderCode.ts
FN:3,(anonymous_0)
FN:7,(anonymous_1)
FNF:2
FNH:2
FNDA:8,(anonymous_0)
FNDA:8,(anonymous_1)
DA:1,2
DA:3,8
DA:4,8
DA:8,8
DA:9,8
DA:10,8
LF:6
LH:6
BRF:0
BRH:0
end_of_record
TN:
SF:src/domain/entity/orderItem.ts
FN:2,(anonymous_0)
FN:4,(anonymous_1)
FNF:2
FNH:2
FNDA:18,(anonymous_0)
FNDA:1,(anonymous_1)
DA:1,3
DA:2,18
DA:5,1
LF:3
LH:3
BRF:0
BRH:0
end_of_record
TN:
SF:src/infra/validatecpf.ts
FN:7,(anonymous_0)
FN:12,(anonymous_1)
FN:30,(anonymous_2)
FN:31,(anonymous_3)
FN:33,(anonymous_4)
FN:44,(anonymous_5)
FN:51,(anonymous_6)
FNF:7
FNH:7
FNDA:11,(anonymous_0)
FNDA:11,(anonymous_1)
FNDA:11,(anonymous_2)
FNDA:40,(anonymous_3)
FNDA:18,(anonymous_4)
FNDA:11,(anonymous_5)
FNDA:9,(anonymous_6)
DA:1,3
DA:2,11
DA:3,11
DA:4,11
DA:8,11
DA:9,9
DA:13,11
DA:14,11
DA:15,11
DA:16,11
DA:17,9
DA:21,9
DA:26,9
DA:27,9
DA:28,9
DA:31,40
DA:34,18
DA:36,18
DA:37,171
DA:38,171
DA:40,18
DA:42,18
DA:45,11
DA:52,9
LF:24
LH:24
BRDA:8,0,0,2
BRDA:13,1,0,0
BRDA:15,2,0,0
BRDA:16,3,0,2
BRDA:42,4,0,0
BRDA:42,4,1,18
BRF:6
BRH:3
end_of_record
TN:
SF:src/infra/database/ConnectionMysql.ts
FN:8,(anonymous_0)
FN:20,(anonymous_1)
FNF:2
FNH:2
FNDA:3,(anonymous_0)
FNDA:1,(anonymous_1)
DA:1,2
DA:3,2
DA:5,2
DA:9,3
DA:18,3
DA:21,1
DA:22,1
DA:23,1
DA:25,0
DA:26,0
LF:10
LH:8
BRDA:14,0,0,3
BRDA:14,0,1,3
BRF:2
BRH:2
end_of_record
TN:
SF:src/infra/database/models/Item.model.ts
FNF:0
FNH:0
DA:1,2
DA:21,2
DA:26,2
DA:29,2
DA:32,2
DA:35,2
DA:38,2
DA:41,2
DA:44,2
DA:47,2
LF:10
LH:10
BRF:0
BRH:0
end_of_record
TN:
SF:src/infra/repository/database/itemRepositoryDatabase.ts
FN:9,(anonymous_0)
FN:16,(anonymous_1)
FNF:2
FNH:2
FNDA:1,(anonymous_0)
FNDA:2,(anonymous_1)
DA:1,1
DA:3,1
DA:4,1
DA:6,1
DA:8,1
DA:10,1
DA:11,1
DA:13,1
DA:14,1
DA:17,2
DA:18,2
DA:19,2
LF:12
LH:12
BRDA:10,0,0,0
BRDA:18,1,0,0
BRF:2
BRH:0
end_of_record
TN:
SF:src/infra/repository/memory/CouponRepositoryMemory.ts
FN:6,(anonymous_0)
FN:9,(anonymous_1)
FN:10,(anonymous_2)
FNF:3
FNH:3
FNDA:3,(anonymous_0)
FNDA:1,(anonymous_1)
FNDA:1,(anonymous_2)
DA:1,1
DA:4,1
DA:7,3
DA:10,1
LF:4
LH:4
BRF:0
BRH:0
end_of_record
TN:
SF:src/infra/repository/memory/ItemRepositoryMemory.ts
FN:6,(anonymous_0)
FN:25,(anonymous_1)
FN:26,(anonymous_2)
FNF:3
FNH:3
FNDA:4,(anonymous_0)
FNDA:8,(anonymous_1)
FNDA:21,(anonymous_2)
DA:1,2
DA:4,2
DA:7,4
DA:26,21
LF:4
LH:4
BRF:0
BRH:0
end_of_record
TN:
SF:src/infra/repository/memory/OrderRepositoryMemory.ts
FN:7,(anonymous_0)
FN:10,(anonymous_1)
FNF:2
FNH:2
FNDA:3,(anonymous_0)
FNDA:3,(anonymous_1)
DA:5,1
DA:8,3
DA:11,3
DA:12,3
LF:4
LH:4
BRF:0
BRH:0
end_of_record
